[39620, Main Thread] WARNING: Theme parsing error: gtk.css:14731:20: Not a valid image: 'glib warning', file /build/firefox/src/firefox-120.0.1/toolkit/xre/nsSigHandlers.cpp:187

(firefox:39620): Gtk-WARNING **: 15:12:38.575: Theme parsing error: gtk.css:14731:20: Not a valid image
[39620, Main Thread] WARNING: Theme parsing error: gtk.css:14737:20: Not a valid image: 'glib warning', file /build/firefox/src/firefox-120.0.1/toolkit/xre/nsSigHandlers.cpp:187

(firefox:39620): Gtk-WARNING **: 15:12:38.575: Theme parsing error: gtk.css:14737:20: Not a valid image
[39620, Main Thread] WARNING: Theme parsing error: gtk.css:14743:20: Not a valid image: 'glib warning', file /build/firefox/src/firefox-120.0.1/toolkit/xre/nsSigHandlers.cpp:187

(firefox:39620): Gtk-WARNING **: 15:12:38.575: Theme parsing error: gtk.css:14743:20: Not a valid image
[39620, Main Thread] WARNING: Theme parsing error: gtk.css:14749:20: Not a valid image: 'glib warning', file /build/firefox/src/firefox-120.0.1/toolkit/xre/nsSigHandlers.cpp:187

(firefox:39620): Gtk-WARNING **: 15:12:38.575: Theme parsing error: gtk.css:14749:20: Not a valid image
[39620, Main Thread] WARNING: Theme parsing error: gtk.css:14755:20: Not a valid image: 'glib warning', file /build/firefox/src/firefox-120.0.1/toolkit/xre/nsSigHandlers.cpp:187

(firefox:39620): Gtk-WARNING **: 15:12:38.575: Theme parsing error: gtk.css:14755:20: Not a valid image
[39620, Main Thread] WARNING: Theme parsing error: gtk.css:14761:20: Not a valid image: 'glib warning', file /build/firefox/src/firefox-120.0.1/toolkit/xre/nsSigHandlers.cpp:187

(firefox:39620): Gtk-WARNING **: 15:12:38.575: Theme parsing error: gtk.css:14761:20: Not a valid image
[39620, Main Thread] WARNING: Theme parsing error: gtk.css:14767:20: Not a valid image: 'glib warning', file /build/firefox/src/firefox-120.0.1/toolkit/xre/nsSigHandlers.cpp:187

(firefox:39620): Gtk-WARNING **: 15:12:38.575: Theme parsing error: gtk.css:14767:20: Not a valid image
[39620, Main Thread] WARNING: Theme parsing error: gtk.css:14773:20: Not a valid image: 'glib warning', file /build/firefox/src/firefox-120.0.1/toolkit/xre/nsSigHandlers.cpp:187

(firefox:39620): Gtk-WARNING **: 15:12:38.575: Theme parsing error: gtk.css:14773:20: Not a valid image
[Parent 39620, Main Thread] WARNING: Theme parsing error: gtk.css:14731:20: Not a valid image: 'glib warning', file /build/firefox/src/firefox-120.0.1/toolkit/xre/nsSigHandlers.cpp:187

(firefox:39620): Gtk-WARNING **: 15:12:38.781: Theme parsing error: gtk.css:14731:20: Not a valid image
[Parent 39620, Main Thread] WARNING: Theme parsing error: gtk.css:14737:20: Not a valid image: 'glib warning', file /build/firefox/src/firefox-120.0.1/toolkit/xre/nsSigHandlers.cpp:187

(firefox:39620): Gtk-WARNING **: 15:12:38.781: Theme parsing error: gtk.css:14737:20: Not a valid image
[Parent 39620, Main Thread] WARNING: Theme parsing error: gtk.css:14743:20: Not a valid image: 'glib warning', file /build/firefox/src/firefox-120.0.1/toolkit/xre/nsSigHandlers.cpp:187

(firefox:39620): Gtk-WARNING **: 15:12:38.781: Theme parsing error: gtk.css:14743:20: Not a valid image
[Parent 39620, Main Thread] WARNING: Theme parsing error: gtk.css:14749:20: Not a valid image: 'glib warning', file /build/firefox/src/firefox-120.0.1/toolkit/xre/nsSigHandlers.cpp:187

(firefox:39620): Gtk-WARNING **: 15:12:38.781: Theme parsing error: gtk.css:14749:20: Not a valid image
[Parent 39620, Main Thread] WARNING: Theme parsing error: gtk.css:14755:20: Not a valid image: 'glib warning', file /build/firefox/src/firefox-120.0.1/toolkit/xre/nsSigHandlers.cpp:187

(firefox:39620): Gtk-WARNING **: 15:12:38.781: Theme parsing error: gtk.css:14755:20: Not a valid image
[Parent 39620, Main Thread] WARNING: Theme parsing error: gtk.css:14761:20: Not a valid image: 'glib warning', file /build/firefox/src/firefox-120.0.1/toolkit/xre/nsSigHandlers.cpp:187

(firefox:39620): Gtk-WARNING **: 15:12:38.781: Theme parsing error: gtk.css:14761:20: Not a valid image
[Parent 39620, Main Thread] WARNING: Theme parsing error: gtk.css:14767:20: Not a valid image: 'glib warning', file /build/firefox/src/firefox-120.0.1/toolkit/xre/nsSigHandlers.cpp:187

(firefox:39620): Gtk-WARNING **: 15:12:38.781: Theme parsing error: gtk.css:14767:20: Not a valid image
[Parent 39620, Main Thread] WARNING: Theme parsing error: gtk.css:14773:20: Not a valid image: 'glib warning', file /build/firefox/src/firefox-120.0.1/toolkit/xre/nsSigHandlers.cpp:187

(firefox:39620): Gtk-WARNING **: 15:12:38.781: Theme parsing error: gtk.css:14773:20: Not a valid image
[Parent 39620, Main Thread] WARNING: Theme parsing error: gtk.css:14731:20: Not a valid image: 'glib warning', file /build/firefox/src/firefox-120.0.1/toolkit/xre/nsSigHandlers.cpp:187

(firefox:39620): Gtk-WARNING **: 15:12:38.918: Theme parsing error: gtk.css:14731:20: Not a valid image
[Parent 39620, Main Thread] WARNING: Theme parsing error: gtk.css:14737:20: Not a valid image: 'glib warning', file /build/firefox/src/firefox-120.0.1/toolkit/xre/nsSigHandlers.cpp:187

(firefox:39620): Gtk-WARNING **: 15:12:38.918: Theme parsing error: gtk.css:14737:20: Not a valid image
[Parent 39620, Main Thread] WARNING: Theme parsing error: gtk.css:14743:20: Not a valid image: 'glib warning', file /build/firefox/src/firefox-120.0.1/toolkit/xre/nsSigHandlers.cpp:187

(firefox:39620): Gtk-WARNING **: 15:12:38.918: Theme parsing error: gtk.css:14743:20: Not a valid image
[Parent 39620, Main Thread] WARNING: Theme parsing error: gtk.css:14749:20: Not a valid image: 'glib warning', file /build/firefox/src/firefox-120.0.1/toolkit/xre/nsSigHandlers.cpp:187

(firefox:39620): Gtk-WARNING **: 15:12:38.918: Theme parsing error: gtk.css:14749:20: Not a valid image
[Parent 39620, Main Thread] WARNING: Theme parsing error: gtk.css:14755:20: Not a valid image: 'glib warning', file /build/firefox/src/firefox-120.0.1/toolkit/xre/nsSigHandlers.cpp:187

(firefox:39620): Gtk-WARNING **: 15:12:38.918: Theme parsing error: gtk.css:14755:20: Not a valid image
[Parent 39620, Main Thread] WARNING: Theme parsing error: gtk.css:14761:20: Not a valid image: 'glib warning', file /build/firefox/src/firefox-120.0.1/toolkit/xre/nsSigHandlers.cpp:187

(firefox:39620): Gtk-WARNING **: 15:12:38.918: Theme parsing error: gtk.css:14761:20: Not a valid image
[Parent 39620, Main Thread] WARNING: Theme parsing error: gtk.css:14767:20: Not a valid image: 'glib warning', file /build/firefox/src/firefox-120.0.1/toolkit/xre/nsSigHandlers.cpp:187

(firefox:39620): Gtk-WARNING **: 15:12:38.918: Theme parsing error: gtk.css:14767:20: Not a valid image
[Parent 39620, Main Thread] WARNING: Theme parsing error: gtk.css:14773:20: Not a valid image: 'glib warning', file /build/firefox/src/firefox-120.0.1/toolkit/xre/nsSigHandlers.cpp:187

(firefox:39620): Gtk-WARNING **: 15:12:38.918: Theme parsing error: gtk.css:14773:20: Not a valid image
[Parent 39620, Main Thread] WARNING: Theme parsing error: gtk.css:14731:20: Not a valid image: 'glib warning', file /build/firefox/src/firefox-120.0.1/toolkit/xre/nsSigHandlers.cpp:187

(firefox:39620): Gtk-WARNING **: 15:12:38.987: Theme parsing error: gtk.css:14731:20: Not a valid image
[Parent 39620, Main Thread] WARNING: Theme parsing error: gtk.css:14737:20: Not a valid image: 'glib warning', file /build/firefox/src/firefox-120.0.1/toolkit/xre/nsSigHandlers.cpp:187

(firefox:39620): Gtk-WARNING **: 15:12:38.987: Theme parsing error: gtk.css:14737:20: Not a valid image
[Parent 39620, Main Thread] WARNING: Theme parsing error: gtk.css:14743:20: Not a valid image: 'glib warning', file /build/firefox/src/firefox-120.0.1/toolkit/xre/nsSigHandlers.cpp:187

(firefox:39620): Gtk-WARNING **: 15:12:38.987: Theme parsing error: gtk.css:14743:20: Not a valid image
[Parent 39620, Main Thread] WARNING: Theme parsing error: gtk.css:14749:20: Not a valid image: 'glib warning', file /build/firefox/src/firefox-120.0.1/toolkit/xre/nsSigHandlers.cpp:187

(firefox:39620): Gtk-WARNING **: 15:12:38.987: Theme parsing error: gtk.css:14749:20: Not a valid image
[Parent 39620, Main Thread] WARNING: Theme parsing error: gtk.css:14755:20: Not a valid image: 'glib warning', file /build/firefox/src/firefox-120.0.1/toolkit/xre/nsSigHandlers.cpp:187

(firefox:39620): Gtk-WARNING **: 15:12:38.987: Theme parsing error: gtk.css:14755:20: Not a valid image
[Parent 39620, Main Thread] WARNING: Theme parsing error: gtk.css:14761:20: Not a valid image: 'glib warning', file /build/firefox/src/firefox-120.0.1/toolkit/xre/nsSigHandlers.cpp:187

(firefox:39620): Gtk-WARNING **: 15:12:38.987: Theme parsing error: gtk.css:14761:20: Not a valid image
[Parent 39620, Main Thread] WARNING: Theme parsing error: gtk.css:14767:20: Not a valid image: 'glib warning', file /build/firefox/src/firefox-120.0.1/toolkit/xre/nsSigHandlers.cpp:187

(firefox:39620): Gtk-WARNING **: 15:12:38.987: Theme parsing error: gtk.css:14767:20: Not a valid image
[Parent 39620, Main Thread] WARNING: Theme parsing error: gtk.css:14773:20: Not a valid image: 'glib warning', file /build/firefox/src/firefox-120.0.1/toolkit/xre/nsSigHandlers.cpp:187

(firefox:39620): Gtk-WARNING **: 15:12:38.987: Theme parsing error: gtk.css:14773:20: Not a valid image
[GFX1-]: vaapitest: ERROR
[GFX1-]: vaapitest: VA-API test failed: failed to initialise VAAPI connection.

[Parent 39620, Main Thread] WARNING: Theme parsing error: gtk.css:14731:20: Not a valid image: 'glib warning', file /build/firefox/src/firefox-120.0.1/toolkit/xre/nsSigHandlers.cpp:187

(firefox:39620): Gtk-WARNING **: 15:12:39.310: Theme parsing error: gtk.css:14731:20: Not a valid image
[Parent 39620, Main Thread] WARNING: Theme parsing error: gtk.css:14737:20: Not a valid image: 'glib warning', file /build/firefox/src/firefox-120.0.1/toolkit/xre/nsSigHandlers.cpp:187

(firefox:39620): Gtk-WARNING **: 15:12:39.310: Theme parsing error: gtk.css:14737:20: Not a valid image
[Parent 39620, Main Thread] WARNING: Theme parsing error: gtk.css:14743:20: Not a valid image: 'glib warning', file /build/firefox/src/firefox-120.0.1/toolkit/xre/nsSigHandlers.cpp:187

(firefox:39620): Gtk-WARNING **: 15:12:39.310: Theme parsing error: gtk.css:14743:20: Not a valid image
[Parent 39620, Main Thread] WARNING: Theme parsing error: gtk.css:14749:20: Not a valid image: 'glib warning', file /build/firefox/src/firefox-120.0.1/toolkit/xre/nsSigHandlers.cpp:187

(firefox:39620): Gtk-WARNING **: 15:12:39.310: Theme parsing error: gtk.css:14749:20: Not a valid image
[Parent 39620, Main Thread] WARNING: Theme parsing error: gtk.css:14755:20: Not a valid image: 'glib warning', file /build/firefox/src/firefox-120.0.1/toolkit/xre/nsSigHandlers.cpp:187

(firefox:39620): Gtk-WARNING **: 15:12:39.310: Theme parsing error: gtk.css:14755:20: Not a valid image
[Parent 39620, Main Thread] WARNING: Theme parsing error: gtk.css:14761:20: Not a valid image: 'glib warning', file /build/firefox/src/firefox-120.0.1/toolkit/xre/nsSigHandlers.cpp:187

(firefox:39620): Gtk-WARNING **: 15:12:39.310: Theme parsing error: gtk.css:14761:20: Not a valid image
[Parent 39620, Main Thread] WARNING: Theme parsing error: gtk.css:14767:20: Not a valid image: 'glib warning', file /build/firefox/src/firefox-120.0.1/toolkit/xre/nsSigHandlers.cpp:187

(firefox:39620): Gtk-WARNING **: 15:12:39.310: Theme parsing error: gtk.css:14767:20: Not a valid image
[Parent 39620, Main Thread] WARNING: Theme parsing error: gtk.css:14773:20: Not a valid image: 'glib warning', file /build/firefox/src/firefox-120.0.1/toolkit/xre/nsSigHandlers.cpp:187

(firefox:39620): Gtk-WARNING **: 15:12:39.310: Theme parsing error: gtk.css:14773:20: Not a valid image
[Parent 39620, Main Thread] WARNING: Theme parsing error: gtk.css:14731:20: Not a valid image: 'glib warning', file /build/firefox/src/firefox-120.0.1/toolkit/xre/nsSigHandlers.cpp:187

(firefox:39620): Gtk-WARNING **: 15:12:39.436: Theme parsing error: gtk.css:14731:20: Not a valid image
[Parent 39620, Main Thread] WARNING: Theme parsing error: gtk.css:14737:20: Not a valid image: 'glib warning', file /build/firefox/src/firefox-120.0.1/toolkit/xre/nsSigHandlers.cpp:187

(firefox:39620): Gtk-WARNING **: 15:12:39.436: Theme parsing error: gtk.css:14737:20: Not a valid image
[Parent 39620, Main Thread] WARNING: Theme parsing error: gtk.css:14743:20: Not a valid image: 'glib warning', file /build/firefox/src/firefox-120.0.1/toolkit/xre/nsSigHandlers.cpp:187

(firefox:39620): Gtk-WARNING **: 15:12:39.436: Theme parsing error: gtk.css:14743:20: Not a valid image
[Parent 39620, Main Thread] WARNING: Theme parsing error: gtk.css:14749:20: Not a valid image: 'glib warning', file /build/firefox/src/firefox-120.0.1/toolkit/xre/nsSigHandlers.cpp:187

(firefox:39620): Gtk-WARNING **: 15:12:39.436: Theme parsing error: gtk.css:14749:20: Not a valid image
[Parent 39620, Main Thread] WARNING: Theme parsing error: gtk.css:14755:20: Not a valid image: 'glib warning', file /build/firefox/src/firefox-120.0.1/toolkit/xre/nsSigHandlers.cpp:187

(firefox:39620): Gtk-WARNING **: 15:12:39.436: Theme parsing error: gtk.css:14755:20: Not a valid image
[Parent 39620, Main Thread] WARNING: Theme parsing error: gtk.css:14761:20: Not a valid image: 'glib warning', file /build/firefox/src/firefox-120.0.1/toolkit/xre/nsSigHandlers.cpp:187

(firefox:39620): Gtk-WARNING **: 15:12:39.436: Theme parsing error: gtk.css:14761:20: Not a valid image
[Parent 39620, Main Thread] WARNING: Theme parsing error: gtk.css:14767:20: Not a valid image: 'glib warning', file /build/firefox/src/firefox-120.0.1/toolkit/xre/nsSigHandlers.cpp:187

(firefox:39620): Gtk-WARNING **: 15:12:39.436: Theme parsing error: gtk.css:14767:20: Not a valid image
[Parent 39620, Main Thread] WARNING: Theme parsing error: gtk.css:14773:20: Not a valid image: 'glib warning', file /build/firefox/src/firefox-120.0.1/toolkit/xre/nsSigHandlers.cpp:187

(firefox:39620): Gtk-WARNING **: 15:12:39.436: Theme parsing error: gtk.css:14773:20: Not a valid image
[Parent 39620, Main Thread] WARNING: Theme parsing error: gtk.css:14731:20: Not a valid image: 'glib warning', file /build/firefox/src/firefox-120.0.1/toolkit/xre/nsSigHandlers.cpp:187

(firefox:39620): Gtk-WARNING **: 15:12:39.504: Theme parsing error: gtk.css:14731:20: Not a valid image
[Parent 39620, Main Thread] WARNING: Theme parsing error: gtk.css:14737:20: Not a valid image: 'glib warning', file /build/firefox/src/firefox-120.0.1/toolkit/xre/nsSigHandlers.cpp:187

(firefox:39620): Gtk-WARNING **: 15:12:39.505: Theme parsing error: gtk.css:14737:20: Not a valid image
[Parent 39620, Main Thread] WARNING: Theme parsing error: gtk.css:14743:20: Not a valid image: 'glib warning', file /build/firefox/src/firefox-120.0.1/toolkit/xre/nsSigHandlers.cpp:187

(firefox:39620): Gtk-WARNING **: 15:12:39.505: Theme parsing error: gtk.css:14743:20: Not a valid image
[Parent 39620, Main Thread] WARNING: Theme parsing error: gtk.css:14749:20: Not a valid image: 'glib warning', file /build/firefox/src/firefox-120.0.1/toolkit/xre/nsSigHandlers.cpp:187

(firefox:39620): Gtk-WARNING **: 15:12:39.505: Theme parsing error: gtk.css:14749:20: Not a valid image
[Parent 39620, Main Thread] WARNING: Theme parsing error: gtk.css:14755:20: Not a valid image: 'glib warning', file /build/firefox/src/firefox-120.0.1/toolkit/xre/nsSigHandlers.cpp:187

(firefox:39620): Gtk-WARNING **: 15:12:39.505: Theme parsing error: gtk.css:14755:20: Not a valid image
[Parent 39620, Main Thread] WARNING: Theme parsing error: gtk.css:14761:20: Not a valid image: 'glib warning', file /build/firefox/src/firefox-120.0.1/toolkit/xre/nsSigHandlers.cpp:187

(firefox:39620): Gtk-WARNING **: 15:12:39.505: Theme parsing error: gtk.css:14761:20: Not a valid image
[Parent 39620, Main Thread] WARNING: Theme parsing error: gtk.css:14767:20: Not a valid image: 'glib warning', file /build/firefox/src/firefox-120.0.1/toolkit/xre/nsSigHandlers.cpp:187

(firefox:39620): Gtk-WARNING **: 15:12:39.505: Theme parsing error: gtk.css:14767:20: Not a valid image
[Parent 39620, Main Thread] WARNING: Theme parsing error: gtk.css:14773:20: Not a valid image: 'glib warning', file /build/firefox/src/firefox-120.0.1/toolkit/xre/nsSigHandlers.cpp:187

(firefox:39620): Gtk-WARNING **: 15:12:39.505: Theme parsing error: gtk.css:14773:20: Not a valid image
[Parent 39620, Main Thread] WARNING: Failed to call GetIdletime(): GDBus.Error:org.freedesktop.DBus.Error.ServiceUnknown: The name org.gnome.Mutter.IdleMonitor was not provided by any .service files
: 'glib warning', file /build/firefox/src/firefox-120.0.1/toolkit/xre/nsSigHandlers.cpp:187

** (firefox:39620): WARNING **: 15:12:44.847: Failed to call GetIdletime(): GDBus.Error:org.freedesktop.DBus.Error.ServiceUnknown: The name org.gnome.Mutter.IdleMonitor was not provided by any .service files

